[gambolthemes.net/html-items/jobby/jobby-freelancer/index.html]
[backblue.gif]
[fade.gif]
[index.html]
[gambolthemes.net/html-items/jobby/jobby-freelancer/images/fav.png]
[gambolthemes.net/html-items/jobby/jobby-freelancer/css/responsive.css]
[gambolthemes.net/html-items/jobby/jobby-freelancer/css/style.css]
[gambolthemes.net/html-items/jobby/jobby-freelancer/css/datepicker.min.css]
[gambolthemes.net/html-items/jobby/jobby-freelancer/vendor/bootstrap/css/bootstrap.min.css]
[gambolthemes.net/html-items/jobby/jobby-freelancer/vendor/fontawesome-free/css/all.min.css]
[gambolthemes.net/html-items/jobby/jobby-freelancer/vendor/OwlCarousel/assets/owl.carousel.css]
[gambolthemes.net/html-items/jobby/jobby-freelancer/vendor/OwlCarousel/assets/owl.theme.default.min.css]
[gambolthemes.net/html-items/jobby/jobby-freelancer/vendor/semantic/semantic.min.css]
[gambolthemes.net/html-items/jobby/jobby-freelancer/images/user-dp-1.jpg]
[gambolthemes.net/html-items/jobby/jobby-freelancer/my_freelancer_messages.html]
[gambolthemes.net/html-items/jobby/jobby-freelancer/my_freelancer_notifications.html]
[gambolthemes.net/html-items/jobby/jobby-freelancer/images/dp.jpg]
[gambolthemes.net/html-items/jobby/jobby-freelancer/my_freelancer_dashboard.html]
[gambolthemes.net/html-items/jobby/jobby-freelancer/my_freelancer_setting.html]
[gambolthemes.net/html-items/jobby/jobby-freelancer/my_freelancer_jobs.html]
[gambolthemes.net/html-items/jobby/jobby-freelancer/my_freelancer_bids.html]
[gambolthemes.net/html-items/jobby/jobby-freelancer/my_freelancer_portfolio.html]
[gambolthemes.net/html-items/jobby/jobby-freelancer/my_freelancer_bookmarks.html]
[gambolthemes.net/html-items/jobby/jobby-freelancer/my_freelancer_payments.html]
[gambolthemes.net/html-items/jobby/jobby-freelancer/sign_in.html]
[gambolthemes.net/html-items/jobby/jobby-freelancer/images/logo.svg]
[gambolthemes.net/html-items/jobby/jobby-freelancer/browse_jobs.html]
[gambolthemes.net/html-items/jobby/jobby-freelancer/job_single_view.html]
[gambolthemes.net/html-items/jobby/jobby-freelancer/post_a_job.html]
[gambolthemes.net/html-items/jobby/jobby-freelancer/browse_projects.html]
[gambolthemes.net/html-items/jobby/jobby-freelancer/project_single_view.html]
[gambolthemes.net/html-items/jobby/jobby-freelancer/post_a_project.html]
[gambolthemes.net/html-items/jobby/jobby-freelancer/browse_companies.html]
[gambolthemes.net/html-items/jobby/jobby-freelancer/other_company_profile.html]
[gambolthemes.net/html-items/jobby/jobby-freelancer/browse_freelancers.html]
[gambolthemes.net/html-items/jobby/jobby-freelancer/other_freelancer_profile.html]
[gambolthemes.net/html-items/jobby/jobby-freelancer/about.html]
[gambolthemes.net/html-items/jobby/jobby-freelancer/our_blog.html]
[gambolthemes.net/html-items/jobby/jobby-freelancer/blog_single_view.html]
[gambolthemes.net/html-items/jobby/jobby-freelancer/pricing_plans.html]
[gambolthemes.net/html-items/jobby/jobby-freelancer/checkout.html]
[gambolthemes.net/html-items/jobby/jobby-freelancer/plan_invoice.html]
[gambolthemes.net/html-items/jobby/jobby-freelancer/sign_up.html]
[gambolthemes.net/html-items/jobby/jobby-freelancer/sign_up_select_profile.html]
[gambolthemes.net/html-items/jobby/jobby-freelancer/sign_up_freelancer_profile.html]
[gambolthemes.net/html-items/jobby/jobby-freelancer/sign_up_company_profile.html]
[gambolthemes.net/html-items/jobby/jobby-freelancer/contact_us.html]
[gambolthemes.net/html-items/jobby/jobby-freelancer/help_center.html]
[gambolthemes.net/html-items/jobby/jobby-freelancer/images/homepage/owl-bnnr/img-1.jpg]
[gambolthemes.net/html-items/jobby/jobby-freelancer/images/homepage/owl-bnnr/img-2.jpg]
[gambolthemes.net/html-items/jobby/jobby-freelancer/images/homepage/owl-bnnr/img-3.jpg]
[gambolthemes.net/html-items/jobby/jobby-freelancer/images/homepage/owl-bnnr/img-4.jpg]
[gambolthemes.net/html-items/jobby/jobby-freelancer/images/homepage/owl-bnnr/img-5.jpg]
[gambolthemes.net/html-items/jobby/jobby-freelancer/images/line.svg]
[gambolthemes.net/html-items/jobby/jobby-freelancer/images/homepage/latest-jobs/img-1.jpg]
[gambolthemes.net/html-items/jobby/jobby-freelancer/images/homepage/latest-jobs/img-2.jpg]
[gambolthemes.net/html-items/jobby/jobby-freelancer/images/homepage/latest-jobs/img-3.jpg]
[gambolthemes.net/html-items/jobby/jobby-freelancer/images/homepage/latest-jobs/img-4.jpg]
[gambolthemes.net/html-items/jobby/jobby-freelancer/images/homepage/latest-jobs/img-5.jpg]
[gambolthemes.net/html-items/jobby/jobby-freelancer/images/homepage/latest-jobs/img-6.jpg]
[gambolthemes.net/html-items/jobby/jobby-freelancer/images/homepage/categories/icon-5.svg]
[gambolthemes.net/html-items/jobby/jobby-freelancer/images/homepage/categories/icon-2.svg]
[gambolthemes.net/html-items/jobby/jobby-freelancer/images/homepage/categories/icon-3.svg]
[gambolthemes.net/html-items/jobby/jobby-freelancer/images/homepage/categories/icon-4.svg]
[gambolthemes.net/html-items/jobby/jobby-freelancer/images/homepage/categories/icon-11.svg]
[gambolthemes.net/html-items/jobby/jobby-freelancer/images/homepage/categories/icon-13.svg]
[gambolthemes.net/html-items/jobby/jobby-freelancer/images/homepage/categories/icon-14.svg]
[gambolthemes.net/html-items/jobby/jobby-freelancer/images/homepage/categories/icon-15.svg]
[gambolthemes.net/html-items/jobby/jobby-freelancer/images/homepage/categories/icon-9.svg]
[gambolthemes.net/html-items/jobby/jobby-freelancer/images/homepage/categories/icon-16.svg]
[gambolthemes.net/html-items/jobby/jobby-freelancer/images/homepage/categories/icon-17.svg]
[gambolthemes.net/html-items/jobby/jobby-freelancer/images/homepage/categories/icon-7.svg]
[gambolthemes.net/html-items/jobby/jobby-freelancer/images/homepage/candidates/img-1.jpg]
[gambolthemes.net/html-items/jobby/jobby-freelancer/images/homepage/candidates/img-2.jpg]
[gambolthemes.net/html-items/jobby/jobby-freelancer/images/homepage/candidates/img-3.jpg]
[gambolthemes.net/html-items/jobby/jobby-freelancer/images/homepage/candidates/img-4.jpg]
[gambolthemes.net/html-items/jobby/jobby-freelancer/images/homepage/candidates/img-5.jpg]
[gambolthemes.net/html-items/jobby/jobby-freelancer/images/homepage/candidates/img-6.jpg]
[gambolthemes.net/html-items/jobby/jobby-freelancer/images/logo1.svg]
[gambolthemes.net/html-items/jobby/jobby-freelancer/my_freelancer_profile.html]
[gambolthemes.net/html-items/jobby/jobby-freelancer/privacy_policy.html]
[gambolthemes.net/html-items/jobby/jobby-freelancer/Terms.html]
[gambolthemes.net/html-items/jobby/jobby-freelancer/js/jquery.min.js]
[gambolthemes.net/html-items/jobby/jobby-freelancer/js/datepicker.min.js]
[gambolthemes.net/html-items/jobby/jobby-freelancer/js/i18n/datepicker.en.js]
[gambolthemes.net/html-items/jobby/jobby-freelancer/vendor/bootstrap/js/bootstrap.bundle.min.js]
[gambolthemes.net/html-items/jobby/jobby-freelancer/vendor/OwlCarousel/owl.carousel.js]
[gambolthemes.net/html-items/jobby/jobby-freelancer/vendor/semantic/semantic.min.js]
[gambolthemes.net/html-items/jobby/jobby-freelancer/index.html]
[gambolthemes.net/html-items/jobby/jobby-freelancer/css/responsive.css]
[gambolthemes.net/html-items/jobby/jobby-freelancer/js/custom1.js]
[gambolthemes.net/html-items/jobby/jobby-freelancer/images/title-bg.jpg]
[gambolthemes.net/html-items/jobby/jobby-freelancer/images/browse/banner.jpg]
[gambolthemes.net/html-items/jobby/jobby-freelancer/css/style.css]
[gambolthemes.net/html-items/jobby/jobby-freelancer/css/datepicker.min.css]
[gambolthemes.net/html-items/jobby/jobby-freelancer/vendor/bootstrap/css/bootstrap.min.css]
[gambolthemes.net/html-items/jobby/jobby-freelancer/vendor/fontawesome-free/webfonts/fa-brands-400.eot]
[gambolthemes.net/html-items/jobby/jobby-freelancer/vendor/fontawesome-free/webfonts/fa-brands-400d41d.eot]
[gambolthemes.net/html-items/jobby/jobby-freelancer/vendor/fontawesome-free/webfonts/fa-brands-400.woff2]
[gambolthemes.net/html-items/jobby/jobby-freelancer/vendor/fontawesome-free/webfonts/fa-brands-400.woff]
[gambolthemes.net/html-items/jobby/jobby-freelancer/vendor/fontawesome-free/webfonts/fa-brands-400.ttf]
[gambolthemes.net/html-items/jobby/jobby-freelancer/vendor/fontawesome-free/webfonts/fa-brands-400.svg]
[gambolthemes.net/html-items/jobby/jobby-freelancer/vendor/fontawesome-free/webfonts/fa-regular-400.eot]
[gambolthemes.net/html-items/jobby/jobby-freelancer/vendor/fontawesome-free/webfonts/fa-regular-400d41d.eot]
[gambolthemes.net/html-items/jobby/jobby-freelancer/vendor/fontawesome-free/webfonts/fa-regular-400.woff2]
[gambolthemes.net/html-items/jobby/jobby-freelancer/vendor/fontawesome-free/webfonts/fa-regular-400.woff]
[gambolthemes.net/html-items/jobby/jobby-freelancer/vendor/fontawesome-free/webfonts/fa-regular-400.ttf]
[gambolthemes.net/html-items/jobby/jobby-freelancer/vendor/fontawesome-free/webfonts/fa-regular-400.svg]
[gambolthemes.net/html-items/jobby/jobby-freelancer/vendor/fontawesome-free/webfonts/fa-solid-900.eot]
[gambolthemes.net/html-items/jobby/jobby-freelancer/vendor/fontawesome-free/webfonts/fa-solid-900d41d.eot]
[gambolthemes.net/html-items/jobby/jobby-freelancer/vendor/fontawesome-free/webfonts/fa-solid-900.woff2]
[gambolthemes.net/html-items/jobby/jobby-freelancer/vendor/fontawesome-free/webfonts/fa-solid-900.woff]
[gambolthemes.net/html-items/jobby/jobby-freelancer/vendor/fontawesome-free/webfonts/fa-solid-900.ttf]
[gambolthemes.net/html-items/jobby/jobby-freelancer/vendor/fontawesome-free/css/all.min.css]
[gambolthemes.net/html-items/jobby/jobby-freelancer/vendor/fontawesome-free/webfonts/fa-solid-900.svg]
[gambolthemes.net/html-items/jobby/jobby-freelancer/vendor/OwlCarousel/assets/owl.video.play.png]
[gambolthemes.net/html-items/jobby/jobby-freelancer/vendor/OwlCarousel/assets/owl.carousel.css]
[gambolthemes.net/html-items/jobby/jobby-freelancer/vendor/OwlCarousel/assets/owl.theme.default.min.css]
[gambolthemes.net/html-items/jobby/jobby-freelancer/vendor/semantic/themes/default/assets/images/flags.png]
[gambolthemes.net/html-items/jobby/jobby-freelancer/vendor/semantic/themes/default/assets/fonts/icons.eot]
[gambolthemes.net/html-items/jobby/jobby-freelancer/vendor/semantic/themes/default/assets/fonts/iconsd41d.eot]
[gambolthemes.net/html-items/jobby/jobby-freelancer/vendor/semantic/themes/default/assets/fonts/icons.woff2]
[gambolthemes.net/html-items/jobby/jobby-freelancer/vendor/semantic/themes/default/assets/fonts/icons.woff]
[gambolthemes.net/html-items/jobby/jobby-freelancer/vendor/semantic/themes/default/assets/fonts/icons.ttf]
[gambolthemes.net/html-items/jobby/jobby-freelancer/vendor/semantic/themes/default/assets/fonts/icons.svg]
[gambolthemes.net/html-items/jobby/jobby-freelancer/vendor/semantic/themes/default/assets/fonts/outline-icons.eot]
[gambolthemes.net/html-items/jobby/jobby-freelancer/vendor/semantic/themes/default/assets/fonts/outline-iconsd41d.eot]
[gambolthemes.net/html-items/jobby/jobby-freelancer/vendor/semantic/themes/default/assets/fonts/outline-icons.woff2]
[gambolthemes.net/html-items/jobby/jobby-freelancer/vendor/semantic/themes/default/assets/fonts/outline-icons.woff]
[gambolthemes.net/html-items/jobby/jobby-freelancer/vendor/semantic/themes/default/assets/fonts/outline-icons.ttf]
[gambolthemes.net/html-items/jobby/jobby-freelancer/vendor/semantic/themes/default/assets/fonts/outline-icons.svg]
[gambolthemes.net/html-items/jobby/jobby-freelancer/vendor/semantic/themes/default/assets/fonts/brand-icons.eot]
[gambolthemes.net/html-items/jobby/jobby-freelancer/vendor/semantic/themes/default/assets/fonts/brand-iconsd41d.eot]
[gambolthemes.net/html-items/jobby/jobby-freelancer/vendor/semantic/themes/default/assets/fonts/brand-icons.woff2]
[gambolthemes.net/html-items/jobby/jobby-freelancer/vendor/semantic/themes/default/assets/fonts/brand-icons.woff]
[gambolthemes.net/html-items/jobby/jobby-freelancer/vendor/semantic/themes/default/assets/fonts/brand-icons.ttf]
[gambolthemes.net/html-items/jobby/jobby-freelancer/vendor/semantic/semantic.min.css]
[gambolthemes.net/html-items/jobby/jobby-freelancer/vendor/semantic/themes/default/assets/fonts/brand-icons.svg]
[gambolthemes.net/html-items/jobby/jobby-freelancer/css/jquery.range.css]
[gambolthemes.net/html-items/jobby/jobby-freelancer/css/jquery.mCustomScrollbar.min.css]
[api.tiles.mapbox.com/mapbox-gl-js/v1.3.1/mapbox-gl.js]
[api.tiles.mapbox.com/mapbox-gl-js/v1.3.1/mapbox-gl.css]
[gambolthemes.net/html-items/jobby/jobby-freelancer/my_freelancer_reviews.html]
[gambolthemes.net/html-items/jobby/jobby-freelancer/images/messages/dp-1.jpg]
[gambolthemes.net/html-items/jobby/jobby-freelancer/images/messages/dp-2.jpg]
[gambolthemes.net/html-items/jobby/jobby-freelancer/images/messages/dp-3.jpg]
[gambolthemes.net/html-items/jobby/jobby-freelancer/images/messages/dp-4.jpg]
[gambolthemes.net/html-items/jobby/jobby-freelancer/js/jquery.range-min.js]
[gambolthemes.net/html-items/jobby/jobby-freelancer/js/jquery.mCustomScrollbar.js]
[unpkg.com/es6-promise@4.2.4/dist/es6-promise.auto.min.js]
[unpkg.com/@mapbox/mapbox-sdk/umd/mapbox-sdk.min.js]
[gambolthemes.net/html-items/jobby/jobby-freelancer/my_freelancer_messages.html]
[gambolthemes.net/html-items/jobby/jobby-freelancer/my_freelancer_notifications.html]
[unpkg.com/@mapbox/mapbox-sdk@0.13.3/umd/mapbox-sdk.min.js]
[gambolthemes.net/html-items/jobby/jobby-freelancer/js/chart-1.js]
[gambolthemes.net/html-items/jobby/jobby-freelancer/js/chart-views.js]
[gambolthemes.net/html-items/jobby/jobby-freelancer/js/chart-pie.js]
[gambolthemes.net/html-items/jobby/jobby-freelancer/my_freelancer_dashboard.html]
[gambolthemes.net/html-items/jobby/jobby-freelancer/js/Chart.min.js]
[gambolthemes.net/html-items/jobby/jobby-freelancer/images/profile_dp.jpg]
[gambolthemes.net/html-items/jobby/jobby-freelancer/my_freelancer_setting.html]
[gambolthemes.net/html-items/jobby/jobby-freelancer/my_freelancer_jobs.html]
[gambolthemes.net/html-items/jobby/jobby-freelancer/my_freelancer_bids.html]
[gambolthemes.net/html-items/jobby/jobby-freelancer/images/portfolio/img-1.jpg]
[gambolthemes.net/html-items/jobby/jobby-freelancer/images/portfolio/img-2.jpg]
[gambolthemes.net/html-items/jobby/jobby-freelancer/images/portfolio/img-3.jpg]
[gambolthemes.net/html-items/jobby/jobby-freelancer/images/portfolio/img-4.jpg]
[gambolthemes.net/html-items/jobby/jobby-freelancer/images/portfolio/img-5.jpg]
[gambolthemes.net/html-items/jobby/jobby-freelancer/images/portfolio/img-6.jpg]
[gambolthemes.net/html-items/jobby/jobby-freelancer/my_freelancer_portfolio.html]
[gambolthemes.net/html-items/jobby/jobby-freelancer/my_freelancer_bookmarks.html]
[gambolthemes.net/html-items/jobby/jobby-freelancer/images/payoneer.png]
[gambolthemes.net/html-items/jobby/jobby-freelancer/my_freelancer_payments.html]
[gambolthemes.net/html-items/jobby/jobby-freelancer/sign_in.html]
[gambolthemes.net/html-items/jobby/jobby-freelancer/images/logo.svg]
[gambolthemes.net/html-items/jobby/jobby-freelancer/forgot_password.html]
[gambolthemes.net/html-items/jobby/jobby-freelancer/images/browse/trophy.png]
[gambolthemes.net/html-items/jobby/jobby-freelancer/browse_jobs.html]
[gambolthemes.net/html-items/jobby/jobby-freelancer/job_single_view.html]
[gambolthemes.net/html-items/jobby/jobby-freelancer/post_a_job.html]
[gambolthemes.net/html-items/jobby/jobby-freelancer/images/homepage/latest-jobs/img-7.jpg]
[gambolthemes.net/html-items/jobby/jobby-freelancer/browse_projects.html]
[gambolthemes.net/html-items/jobby/jobby-freelancer/project_single_view.html]
[gambolthemes.net/html-items/jobby/jobby-freelancer/post_a_project.html]
[gambolthemes.net/html-items/jobby/jobby-freelancer/images/company/img-1.jpg]
[gambolthemes.net/html-items/jobby/jobby-freelancer/images/company/img-2.jpg]
[gambolthemes.net/html-items/jobby/jobby-freelancer/images/company/img-3.jpg]
[gambolthemes.net/html-items/jobby/jobby-freelancer/images/company/img-4.jpg]
[gambolthemes.net/html-items/jobby/jobby-freelancer/images/company/img-5.jpg]
[gambolthemes.net/html-items/jobby/jobby-freelancer/images/company/img-6.jpg]
[gambolthemes.net/html-items/jobby/jobby-freelancer/browse_companies.html]
[gambolthemes.net/html-items/jobby/jobby-freelancer/other_company_members.html]
[gambolthemes.net/html-items/jobby/jobby-freelancer/other_company_profile.html]
[gambolthemes.net/html-items/jobby/jobby-freelancer/browse_freelancers.html]
[gambolthemes.net/html-items/jobby/jobby-freelancer/other_company_reviews.html]
[gambolthemes.net/html-items/jobby/jobby-freelancer/other_freelancer_portfolio.html]
[gambolthemes.net/html-items/jobby/jobby-freelancer/other_freelancer_profile.html]
[gambolthemes.net/html-items/jobby/jobby-freelancer/other_freelancer_reviews.html]
[gambolthemes.net/html-items/jobby/jobby-freelancer/images/about/team-1.jpg]
[gambolthemes.net/html-items/jobby/jobby-freelancer/images/about/team-2.jpg]
[gambolthemes.net/html-items/jobby/jobby-freelancer/images/about/team-3.jpg]
[gambolthemes.net/html-items/jobby/jobby-freelancer/images/about/team-4.jpg]
[gambolthemes.net/html-items/jobby/jobby-freelancer/about.html]
[gambolthemes.net/html-items/jobby/jobby-freelancer/images/blog/img-1.jpg]
[gambolthemes.net/html-items/jobby/jobby-freelancer/images/blog/blog_logo.svg]
[gambolthemes.net/html-items/jobby/jobby-freelancer/images/blog/img-2.jpg]
[gambolthemes.net/html-items/jobby/jobby-freelancer/images/blog/img-3.jpg]
[gambolthemes.net/html-items/jobby/jobby-freelancer/images/blog/img-4.jpg]
[gambolthemes.net/html-items/jobby/jobby-freelancer/images/blog/img-5.jpg]
[gambolthemes.net/html-items/jobby/jobby-freelancer/images/blog/img-6.jpg]
[gambolthemes.net/html-items/jobby/jobby-freelancer/our_blog.html]
[gambolthemes.net/html-items/jobby/jobby-freelancer/images/blog/big-img.jpg]
[gambolthemes.net/html-items/jobby/jobby-freelancer/images/blog/post_dp.jpg]
[gambolthemes.net/html-items/jobby/jobby-freelancer/blog_single_view.html]
[gambolthemes.net/html-items/jobby/jobby-freelancer/pricing_plans.html]
[gambolthemes.net/html-items/jobby/jobby-freelancer/images/cards.png]
[gambolthemes.net/html-items/jobby/jobby-freelancer/images/paypal.png]
[gambolthemes.net/html-items/jobby/jobby-freelancer/checkout.html]
[gambolthemes.net/html-items/jobby/jobby-freelancer/plan_invoice.html]
[gambolthemes.net/html-items/jobby/jobby-freelancer/sign_up.html]
[gambolthemes.net/html-items/jobby/jobby-freelancer/images/invoice_logo.svg]
[gambolthemes.net/html-items/jobby/jobby-freelancer/images/cp_icon.svg]
[gambolthemes.net/html-items/jobby/jobby-freelancer/sign_up_select_profile.html]
[gambolthemes.net/html-items/jobby/jobby-freelancer/sign_up_freelancer_profile.html]
[gambolthemes.net/html-items/jobby/jobby-freelancer/sign_up_company_profile.html]
[gambolthemes.net/html-items/jobby/jobby-freelancer/images/fp_icon.svg]
[gambolthemes.net/html-items/jobby/jobby-freelancer/contact_us.html]
[gambolthemes.net/html-items/jobby/jobby-freelancer/help_center.html]
[gambolthemes.net/html-items/jobby/jobby-freelancer/images/line.svg]
[gambolthemes.net/html-items/jobby/jobby-freelancer/images/homepage/categories/icon-5.svg]
[gambolthemes.net/html-items/jobby/jobby-freelancer/images/homepage/categories/icon-2.svg]
[gambolthemes.net/html-items/jobby/jobby-freelancer/images/homepage/categories/icon-3.svg]
[gambolthemes.net/html-items/jobby/jobby-freelancer/images/homepage/categories/icon-4.svg]
[gambolthemes.net/html-items/jobby/jobby-freelancer/images/homepage/categories/icon-11.svg]
[gambolthemes.net/html-items/jobby/jobby-freelancer/images/homepage/categories/icon-13.svg]
[gambolthemes.net/html-items/jobby/jobby-freelancer/images/homepage/categories/icon-14.svg]
[gambolthemes.net/html-items/jobby/jobby-freelancer/images/homepage/categories/icon-15.svg]
[gambolthemes.net/html-items/jobby/jobby-freelancer/images/homepage/categories/icon-9.svg]
[gambolthemes.net/html-items/jobby/jobby-freelancer/images/homepage/categories/icon-16.svg]
[gambolthemes.net/html-items/jobby/jobby-freelancer/images/homepage/categories/icon-17.svg]
[gambolthemes.net/html-items/jobby/jobby-freelancer/images/homepage/categories/icon-7.svg]
[gambolthemes.net/html-items/jobby/jobby-freelancer/images/logo1.svg]
[gambolthemes.net/html-items/jobby/jobby-freelancer/my_freelancer_profile.html]
[gambolthemes.net/html-items/jobby/jobby-freelancer/privacy_policy.html]
[gambolthemes.net/html-items/jobby/jobby-freelancer/Terms.html]
[gambolthemes.net/html-items/jobby/jobby-freelancer/vendor/fontawesome-free/webfonts/fa-brands-400.svg]
[gambolthemes.net/html-items/jobby/jobby-freelancer/vendor/fontawesome-free/webfonts/fa-regular-400.svg]
[gambolthemes.net/cdn-cgi/scripts/5c5dd728/cloudflare-static/email-decode.min.js]
[gambolthemes.net/html-items/jobby/jobby-freelancer/vendor/fontawesome-free/webfonts/fa-solid-900.svg]
[gambolthemes.net/html-items/jobby/jobby-freelancer/vendor/semantic/themes/default/assets/fonts/icons.svg]
[gambolthemes.net/html-items/jobby/jobby-freelancer/vendor/semantic/themes/default/assets/fonts/outline-icons.svg]
[gambolthemes.net/html-items/jobby/jobby-freelancer/vendor/semantic/themes/default/assets/fonts/brand-icons.svg]
[gambolthemes.net/html-items/jobby/jobby-freelancer/css/jquery.range.css]
[www.gambolthemes.net/html-items/jobby/jobby-freelancer/css/mCSB_buttons.b9.delayed]
[gambolthemes.net/html-items/jobby/jobby-freelancer/css/jquery.mCustomScrollbar.min.css]
[api.tiles.mapbox.com/mapbox-gl-js/v1.3.1/mapbox-gl.css]
[gambolthemes.net/html-items/jobby/jobby-freelancer/my_freelancer_reviews.html]
[gambolthemes.net/html-items/jobby/jobby-freelancer/forgot_password.html]
[gambolthemes.net/html-items/jobby/jobby-freelancer/other_company_members.html]
[gambolthemes.net/html-items/jobby/jobby-freelancer/other_company_reviews.html]
[gambolthemes.net/html-items/jobby/jobby-freelancer/other_freelancer_portfolio.html]
[gambolthemes.net/html-items/jobby/jobby-freelancer/other_freelancer_reviews.html]
[gambolthemes.net/html-items/jobby/jobby-freelancer/images/blog/blog_logo.svg]
[gambolthemes.net/html-items/jobby/jobby-freelancer/images/invoice_logo.svg]
[gambolthemes.net/html-items/jobby/jobby-freelancer/images/cp_icon.svg]
[gambolthemes.net/html-items/jobby/jobby-freelancer/images/fp_icon.svg]
[www.gambolthemes.net/html-items/jobby/jobby-freelancer/css/mCSB_buttons.html]
